<?xml version="1.0" encoding="UTF-8"?>
<!-- Generated by org.testng.reporters.JUnitReportReporter -->
<testsuite skipped="0" hostname="L-185012732" name="com.crm.qa.testcases.LoginPageTest" tests="3" failures="0" timestamp="19 Jan 2019 08:12:11 GMT" time="93.266" errors="0">
  <testcase name="loginPageTitleTest" time="30.387" classname="com.crm.qa.testcases.LoginPageTest"/>
  <testcase name="crmLogoImageTest" time="29.196" classname="com.crm.qa.testcases.LoginPageTest"/>
  <testcase name="loginTest" time="33.683" classname="com.crm.qa.testcases.LoginPageTest"/>
</testsuite> <!-- com.crm.qa.testcases.LoginPageTest -->
